mode: set
github.com/kurthakim/bookings/internal/render/render.go:23.40,25.2 1 1
github.com/kurthakim/bookings/internal/render/render.go:27.84,34.2 5 1
github.com/kurthakim/bookings/internal/render/render.go:37.105,39.18 2 1
github.com/kurthakim/bookings/internal/render/render.go:47.2,48.9 2 1
github.com/kurthakim/bookings/internal/render/render.go:52.2,57.16 4 1
github.com/kurthakim/bookings/internal/render/render.go:63.2,64.16 2 1
github.com/kurthakim/bookings/internal/render/render.go:68.2,68.12 1 1
github.com/kurthakim/bookings/internal/render/render.go:39.18,42.3 1 0
github.com/kurthakim/bookings/internal/render/render.go:42.8,44.3 1 1
github.com/kurthakim/bookings/internal/render/render.go:48.9,50.3 1 1
github.com/kurthakim/bookings/internal/render/render.go:57.16,60.3 2 0
github.com/kurthakim/bookings/internal/render/render.go:64.16,67.3 2 0
github.com/kurthakim/bookings/internal/render/render.go:72.67,77.16 3 1
github.com/kurthakim/bookings/internal/render/render.go:82.2,82.29 1 1
github.com/kurthakim/bookings/internal/render/render.go:103.2,103.21 1 1
github.com/kurthakim/bookings/internal/render/render.go:77.16,79.3 1 0
github.com/kurthakim/bookings/internal/render/render.go:82.29,85.17 3 1
github.com/kurthakim/bookings/internal/render/render.go:89.3,90.17 2 1
github.com/kurthakim/bookings/internal/render/render.go:94.3,94.23 1 1
github.com/kurthakim/bookings/internal/render/render.go:100.3,100.21 1 1
github.com/kurthakim/bookings/internal/render/render.go:85.17,87.4 1 0
github.com/kurthakim/bookings/internal/render/render.go:90.17,92.4 1 0
github.com/kurthakim/bookings/internal/render/render.go:94.23,96.18 2 1
github.com/kurthakim/bookings/internal/render/render.go:96.18,98.5 1 0
