mode: set
github.com/kurthakim/bookings/internal/handlers/handlers.go:24.47,28.2 1 1
github.com/kurthakim/bookings/internal/handlers/handlers.go:31.33,33.2 1 1
github.com/kurthakim/bookings/internal/handlers/handlers.go:36.67,42.2 3 1
github.com/kurthakim/bookings/internal/handlers/handlers.go:45.68,56.2 5 1
github.com/kurthakim/bookings/internal/handlers/handlers.go:59.74,67.2 4 1
github.com/kurthakim/bookings/internal/handlers/handlers.go:70.78,72.16 2 1
github.com/kurthakim/bookings/internal/handlers/handlers.go:77.2,91.19 6 1
github.com/kurthakim/bookings/internal/handlers/handlers.go:102.2,104.66 2 1
github.com/kurthakim/bookings/internal/handlers/handlers.go:72.16,75.3 2 0
github.com/kurthakim/bookings/internal/handlers/handlers.go:91.19,100.3 4 0
github.com/kurthakim/bookings/internal/handlers/handlers.go:108.71,110.2 1 1
github.com/kurthakim/bookings/internal/handlers/handlers.go:113.69,115.2 1 1
github.com/kurthakim/bookings/internal/handlers/handlers.go:118.75,120.2 1 1
github.com/kurthakim/bookings/internal/handlers/handlers.go:123.79,129.2 3 1
github.com/kurthakim/bookings/internal/handlers/handlers.go:138.79,144.16 3 1
github.com/kurthakim/bookings/internal/handlers/handlers.go:147.2,148.14 2 1
github.com/kurthakim/bookings/internal/handlers/handlers.go:144.16,146.3 1 0
github.com/kurthakim/bookings/internal/handlers/handlers.go:153.70,155.2 1 1
github.com/kurthakim/bookings/internal/handlers/handlers.go:157.81,159.9 2 1
github.com/kurthakim/bookings/internal/handlers/handlers.go:165.2,171.4 4 0
github.com/kurthakim/bookings/internal/handlers/handlers.go:159.9,164.3 4 1
